[debug] [2018-07-27T11:17:57.347Z] ----------------------------------------------------------------------
[debug] [2018-07-27T11:17:57.349Z] Command:       C:\Program Files\nodejs\node.exe C:\Users\parkhan\AppData\Roaming\npm\node_modules\firebase-tools\bin\firebase serve
[debug] [2018-07-27T11:17:57.349Z] CLI Version:   4.0.0
[debug] [2018-07-27T11:17:57.349Z] Platform:      win32
[debug] [2018-07-27T11:17:57.349Z] Node Version:  v8.11.3
[debug] [2018-07-27T11:17:57.349Z] Time:          Fri Jul 27 2018 16:47:57 GMT+0530 (India Standard Time)
[debug] [2018-07-27T11:17:57.349Z] ----------------------------------------------------------------------
[debug] 
[debug] [2018-07-27T11:17:57.359Z] > command requires scopes: ["email","openid","https://www.googleapis.com/auth/cloudplatformprojects.readonly","https://www.googleapis.com/auth/firebase","https://www.googleapis.com/auth/cloud-platform"]
[debug] [2018-07-27T11:17:57.359Z] > authorizing via signed-in user
[debug] [2018-07-27T11:17:57.361Z] >>> HTTP REQUEST GET https://admin.firebase.com/v1/projects/my-first-firebase-projec-32da0  
  
 Fri Jul 27 2018 16:47:57 GMT+0530 (India Standard Time)
[debug] [2018-07-27T11:17:58.458Z] <<< HTTP RESPONSE 200
[debug] [2018-07-27T11:17:58.458Z] >>> HTTP REQUEST GET https://admin.firebase.com/v1/database/my-first-firebase-projec-32da0/tokens  
  
 Fri Jul 27 2018 16:47:58 GMT+0530 (India Standard Time)
[debug] [2018-07-27T11:17:59.320Z] <<< HTTP RESPONSE 200
[debug] [2018-07-27T11:17:59.320Z] >>> HTTP REQUEST GET https://cloudresourcemanager.googleapis.com/v1/projects/my-first-firebase-projec-32da0  
  
 Fri Jul 27 2018 16:47:59 GMT+0530 (India Standard Time)
[debug] [2018-07-27T11:18:00.820Z] <<< HTTP RESPONSE 200
[info] 
[info] === Serving from 'C:\Users\parkhan\Desktop\XT-TrainingAssignments_Parveen\Quiz-RT\Quiz-Engine-Microservice\expressSample'...
[info] 
[debug] [2018-07-27T11:18:00.820Z] >>> HTTP REQUEST GET https://mobilesdk-pa.googleapis.com/v1/projects/379800874660/clients/_:getWebAppConfig  
  
 Fri Jul 27 2018 16:48:00 GMT+0530 (India Standard Time)
[debug] [2018-07-27T11:18:02.489Z] <<< HTTP RESPONSE 200
[info] i  hosting: Serving hosting files from: app
[info] +  hosting: Local server: http://localhost:5000

